<?xml version="1.0" encoding="UTF-8"?>
<testng-results skipped="0" failed="0" ignored="0" total="1" passed="1">
  <reporter-output>
  </reporter-output>
  <suite name="Default suite" duration-ms="29093" started-at="2019-05-01T21:47:16Z" finished-at="2019-05-01T21:47:45Z">
    <groups>
    </groups>
    <test name="Default test" duration-ms="29093" started-at="2019-05-01T21:47:16Z" finished-at="2019-05-01T21:47:45Z">
      <class name="settings_mobile.NewTest_setting_mobile">
        <test-method status="PASS" signature="setUp()[pri:0, instance:settings_mobile.NewTest_setting_mobile@25bbe1b6]" name="setUp" is-config="true" duration-ms="16098" started-at="2019-05-01T21:47:16Z" finished-at="2019-05-01T21:47:32Z">
          <reporter-output>
          </reporter-output>
        </test-method> <!-- setUp -->
        <test-method status="PASS" signature="f()[pri:0, instance:settings_mobile.NewTest_setting_mobile@25bbe1b6]" name="f" duration-ms="12932" started-at="2019-05-01T21:47:32Z" finished-at="2019-05-01T21:47:45Z">
          <reporter-output>
          </reporter-output>
        </test-method> <!-- f -->
      </class> <!-- settings_mobile.NewTest_setting_mobile -->
    </test> <!-- Default test -->
  </suite> <!-- Default suite -->
</testng-results>
